[2019-01-04T15:30:40+01:00]
SoapCall: [validateAuthData]
Request: 
<?xml version="1.0" encoding="UTF-8"?>
<SOAP-ENV:Envelope xmlns:SOAP-ENV="http://schemas.xmlsoap.org/soap/envelope/" xmlns:ns1="http://api.pretius.com"><SOAP-ENV:Body><ns1:validateAuthData><ns1:Authorization><ns1:apiKey>abcdefg111</ns1:apiKey><ns1:login>ebudownictwo@wp.pl</ns1:login><ns1:password>aaaaaaaaaa</ns1:password></ns1:Authorization></ns1:validateAuthData></SOAP-ENV:Body></SOAP-ENV:Envelope>

Response: 
<?xml version="1.0" encoding="UTF-8"?>
<SOAP-ENV:Envelope xmlns:SOAP-ENV="http://schemas.xmlsoap.org/soap/envelope/" xmlns:ns1="http://api.pretius.com"><SOAP-ENV:Body><ns1:validateAuthDataResponse><ns1:return><ns1:isValid>true</ns1:isValid><ns1:result><ns1:messages/></ns1:result></ns1:return></ns1:validateAuthDataResponse></SOAP-ENV:Body></SOAP-ENV:Envelope>


[2019-01-04T15:32:14+01:00]
SoapCall: [validateAuthData]
Request: 
<?xml version="1.0" encoding="UTF-8"?>
<SOAP-ENV:Envelope xmlns:SOAP-ENV="http://schemas.xmlsoap.org/soap/envelope/" xmlns:ns1="http://api.pretius.com"><SOAP-ENV:Body><ns1:validateAuthData><ns1:Authorization><ns1:apiKey>abcdefg111</ns1:apiKey><ns1:login>ebudownictwo@wp.pl</ns1:login><ns1:password>aaaaaaaaaa</ns1:password></ns1:Authorization></ns1:validateAuthData></SOAP-ENV:Body></SOAP-ENV:Envelope>

Response: 
<?xml version="1.0" encoding="UTF-8"?>
<SOAP-ENV:Envelope xmlns:SOAP-ENV="http://schemas.xmlsoap.org/soap/envelope/" xmlns:ns1="http://api.pretius.com"><SOAP-ENV:Body><ns1:validateAuthDataResponse><ns1:return><ns1:isValid>true</ns1:isValid><ns1:result><ns1:messages/></ns1:result></ns1:return></ns1:validateAuthDataResponse></SOAP-ENV:Body></SOAP-ENV:Envelope>


[2019-01-04T15:36:52+01:00]
SoapCall: [validateAuthData]
Request: 
<?xml version="1.0" encoding="UTF-8"?>
<SOAP-ENV:Envelope xmlns:SOAP-ENV="http://schemas.xmlsoap.org/soap/envelope/" xmlns:ns1="http://api.pretius.com"><SOAP-ENV:Body><ns1:validateAuthData><ns1:Authorization><ns1:apiKey>abcdefg111</ns1:apiKey><ns1:login>ebudownictwo@wp.pl</ns1:login><ns1:password>aaaaaaaaaa</ns1:password></ns1:Authorization></ns1:validateAuthData></SOAP-ENV:Body></SOAP-ENV:Envelope>

Response: 
<?xml version="1.0" encoding="UTF-8"?>
<SOAP-ENV:Envelope xmlns:SOAP-ENV="http://schemas.xmlsoap.org/soap/envelope/" xmlns:ns1="http://api.pretius.com"><SOAP-ENV:Body><ns1:validateAuthDataResponse><ns1:return><ns1:isValid>true</ns1:isValid><ns1:result><ns1:messages/></ns1:result></ns1:return></ns1:validateAuthDataResponse></SOAP-ENV:Body></SOAP-ENV:Envelope>


[2019-01-04T15:36:53+01:00]
SoapCall: [placeOrder]
Request: 
<?xml version="1.0" encoding="UTF-8"?>
<SOAP-ENV:Envelope xmlns:SOAP-ENV="http://schemas.xmlsoap.org/soap/envelope/" xmlns:ns1="http://api.pretius.com"><SOAP-ENV:Body><ns1:placeOrder><ns1:PlaceOrderRequest><ns1:authorization><ns1:apiKey>abcdefg111</ns1:apiKey><ns1:login>ebudownictwo@wp.pl</ns1:login><ns1:password>aaaaaaaaaa</ns1:password></ns1:authorization><ns1:order><ns1:contents>Cotton</ns1:contents><ns1:isDomestic>true</ns1:isDomestic><ns1:notificationDelivered><ns1:isReceiverEmail>false</ns1:isReceiverEmail><ns1:isReceiverSms>false</ns1:isReceiverSms><ns1:isSenderEmail>true</ns1:isSenderEmail><ns1:isSenderSms>false</ns1:isSenderSms></ns1:notificationDelivered><ns1:notificationException><ns1:isReceiverEmail>false</ns1:isReceiverEmail><ns1:isReceiverSms>false</ns1:isReceiverSms><ns1:isSenderEmail>true</ns1:isSenderEmail><ns1:isSenderSms>false</ns1:isSenderSms></ns1:notificationException><ns1:notificationNew><ns1:isReceiverEmail>false</ns1:isReceiverEmail><ns1:isReceiverSms>false</ns1:isReceiverSms><ns1:isSenderEmail>true</ns1:isSenderEmail><ns1:isSenderSms>false</ns1:isSenderSms></ns1:notificationNew><ns1:notificationSent><ns1:isReceiverEmail>false</ns1:isReceiverEmail><ns1:isReceiverSms>false</ns1:isReceiverSms><ns1:isSenderEmail>true</ns1:isSenderEmail><ns1:isSenderSms>false</ns1:isSenderSms></ns1:notificationSent><ns1:options/><ns1:orderPickupType>COURIER</ns1:orderPickupType><ns1:pickupDate>05-01-2019</ns1:pickupDate><ns1:pickupTimeFrom>8</ns1:pickupTimeFrom><ns1:pickupTimeTo>16</ns1:pickupTimeTo><ns1:receiver><ns1:addressLine1>ul. Długa</ns1:addressLine1><ns1:addressLine2>12</ns1:addressLine2><ns1:city>Warszawa</ns1:city><ns1:contactName>Doe</ns1:contactName><ns1:countryId>0</ns1:countryId><ns1:email>632423123</ns1:email><ns1:name>John</ns1:name><ns1:phone></ns1:phone><ns1:postalCode>22-321</ns1:postalCode><ns1:stateCode>johndoe@company.com</ns1:stateCode></ns1:receiver><ns1:referenceNumber>1 : Lorem ipsum dolor sit amet</ns1:referenceNumber><ns1:sender><ns1:addressLine1>ul. Szeroka</ns1:addressLine1><ns1:addressLine2>756</ns1:addressLine2><ns1:city>Kalisz</ns1:city><ns1:contactName>Veronica Costeloo</ns1:contactName><ns1:countryId>0</ns1:countryId><ns1:email>vercost@gmail.com</ns1:email><ns1:name>Firm S.A.</ns1:name><ns1:phone>633213136</ns1:phone><ns1:postalCode>22-321</ns1:postalCode></ns1:sender><ns1:serviceCode>DPD_CLASSIC</ns1:serviceCode><ns1:shipments><ns1:Shipment><ns1:dimension1>0</ns1:dimension1><ns1:dimension2>0</ns1:dimension2><ns1:dimension3>0</ns1:dimension3><ns1:options/><ns1:position>0</ns1:position><ns1:shipmentTypeCode></ns1:shipmentTypeCode><ns1:weight></ns1:weight></ns1:Shipment></ns1:shipments></ns1:order></ns1:PlaceOrderRequest></ns1:placeOrder></SOAP-ENV:Body></SOAP-ENV:Envelope>

Response: 
<?xml version="1.0" encoding="UTF-8"?>
<SOAP-ENV:Envelope xmlns:SOAP-ENV="http://schemas.xmlsoap.org/soap/envelope/" xmlns:xsi="http://www.w3.org/2001/XMLSchema-instance" xmlns:ns1="http://api.pretius.com"><SOAP-ENV:Body><ns1:placeOrderResponse><ns1:return><ns1:order xsi:nil="true"/><ns1:result><ns1:messages><ns1:Message><ns1:code>VALIDATION</ns1:code><ns1:description>Wybrany typ przesyłki wymaga podania wymiarów</ns1:description><ns1:severity>ERROR</ns1:severity></ns1:Message></ns1:messages></ns1:result></ns1:return></ns1:placeOrderResponse></SOAP-ENV:Body></SOAP-ENV:Envelope>


[2019-01-04T15:39:05+01:00]
SoapCall: [validateAuthData]
Request: 
<?xml version="1.0" encoding="UTF-8"?>
<SOAP-ENV:Envelope xmlns:SOAP-ENV="http://schemas.xmlsoap.org/soap/envelope/" xmlns:ns1="http://api.pretius.com"><SOAP-ENV:Body><ns1:validateAuthData><ns1:Authorization><ns1:apiKey>abcdefg111</ns1:apiKey><ns1:login>ebudownictwo@wp.pl</ns1:login><ns1:password>aaaaaaaaaa</ns1:password></ns1:Authorization></ns1:validateAuthData></SOAP-ENV:Body></SOAP-ENV:Envelope>

Response: 
<?xml version="1.0" encoding="UTF-8"?>
<SOAP-ENV:Envelope xmlns:SOAP-ENV="http://schemas.xmlsoap.org/soap/envelope/" xmlns:ns1="http://api.pretius.com"><SOAP-ENV:Body><ns1:validateAuthDataResponse><ns1:return><ns1:isValid>true</ns1:isValid><ns1:result><ns1:messages/></ns1:result></ns1:return></ns1:validateAuthDataResponse></SOAP-ENV:Body></SOAP-ENV:Envelope>


[2019-01-04T15:39:35+01:00]
SoapCall: [validateAuthData]
Request: 
<?xml version="1.0" encoding="UTF-8"?>
<SOAP-ENV:Envelope xmlns:SOAP-ENV="http://schemas.xmlsoap.org/soap/envelope/" xmlns:ns1="http://api.pretius.com"><SOAP-ENV:Body><ns1:validateAuthData><ns1:Authorization><ns1:apiKey>abcdefg111</ns1:apiKey><ns1:login>ebudownictwo@wp.pl</ns1:login><ns1:password>aaaaaaaaaa</ns1:password></ns1:Authorization></ns1:validateAuthData></SOAP-ENV:Body></SOAP-ENV:Envelope>

Response: 
<?xml version="1.0" encoding="UTF-8"?>
<SOAP-ENV:Envelope xmlns:SOAP-ENV="http://schemas.xmlsoap.org/soap/envelope/" xmlns:ns1="http://api.pretius.com"><SOAP-ENV:Body><ns1:validateAuthDataResponse><ns1:return><ns1:isValid>true</ns1:isValid><ns1:result><ns1:messages/></ns1:result></ns1:return></ns1:validateAuthDataResponse></SOAP-ENV:Body></SOAP-ENV:Envelope>


[2019-01-04T15:40:50+01:00]
SoapCall: [validateAuthData]
Request: 
<?xml version="1.0" encoding="UTF-8"?>
<SOAP-ENV:Envelope xmlns:SOAP-ENV="http://schemas.xmlsoap.org/soap/envelope/" xmlns:ns1="http://api.pretius.com"><SOAP-ENV:Body><ns1:validateAuthData><ns1:Authorization><ns1:apiKey>abcdefg111</ns1:apiKey><ns1:login>ebudownictwo@wp.pl</ns1:login><ns1:password>aaaaaaaaaa</ns1:password></ns1:Authorization></ns1:validateAuthData></SOAP-ENV:Body></SOAP-ENV:Envelope>

Response: 
<?xml version="1.0" encoding="UTF-8"?>
<SOAP-ENV:Envelope xmlns:SOAP-ENV="http://schemas.xmlsoap.org/soap/envelope/" xmlns:ns1="http://api.pretius.com"><SOAP-ENV:Body><ns1:validateAuthDataResponse><ns1:return><ns1:isValid>true</ns1:isValid><ns1:result><ns1:messages/></ns1:result></ns1:return></ns1:validateAuthDataResponse></SOAP-ENV:Body></SOAP-ENV:Envelope>


[2019-01-04T15:40:51+01:00]
SoapCall: [placeOrder]
Request: 
<?xml version="1.0" encoding="UTF-8"?>
<SOAP-ENV:Envelope xmlns:SOAP-ENV="http://schemas.xmlsoap.org/soap/envelope/" xmlns:ns1="http://api.pretius.com"><SOAP-ENV:Body><ns1:placeOrder><ns1:PlaceOrderRequest><ns1:authorization><ns1:apiKey>abcdefg111</ns1:apiKey><ns1:login>ebudownictwo@wp.pl</ns1:login><ns1:password>aaaaaaaaaa</ns1:password></ns1:authorization><ns1:order><ns1:contents>Cotton</ns1:contents><ns1:isDomestic>true</ns1:isDomestic><ns1:notificationDelivered><ns1:isReceiverEmail>false</ns1:isReceiverEmail><ns1:isReceiverSms>false</ns1:isReceiverSms><ns1:isSenderEmail>true</ns1:isSenderEmail><ns1:isSenderSms>false</ns1:isSenderSms></ns1:notificationDelivered><ns1:notificationException><ns1:isReceiverEmail>false</ns1:isReceiverEmail><ns1:isReceiverSms>false</ns1:isReceiverSms><ns1:isSenderEmail>true</ns1:isSenderEmail><ns1:isSenderSms>false</ns1:isSenderSms></ns1:notificationException><ns1:notificationNew><ns1:isReceiverEmail>false</ns1:isReceiverEmail><ns1:isReceiverSms>false</ns1:isReceiverSms><ns1:isSenderEmail>true</ns1:isSenderEmail><ns1:isSenderSms>false</ns1:isSenderSms></ns1:notificationNew><ns1:notificationSent><ns1:isReceiverEmail>false</ns1:isReceiverEmail><ns1:isReceiverSms>false</ns1:isReceiverSms><ns1:isSenderEmail>true</ns1:isSenderEmail><ns1:isSenderSms>false</ns1:isSenderSms></ns1:notificationSent><ns1:options/><ns1:orderPickupType>COURIER</ns1:orderPickupType><ns1:pickupDate>05-01-2019</ns1:pickupDate><ns1:pickupTimeFrom>8</ns1:pickupTimeFrom><ns1:pickupTimeTo>16</ns1:pickupTimeTo><ns1:receiver><ns1:addressLine1>ul. Długa</ns1:addressLine1><ns1:addressLine2>12</ns1:addressLine2><ns1:city>Warszawa</ns1:city><ns1:contactName>Doe</ns1:contactName><ns1:countryId>0</ns1:countryId><ns1:email>632423123</ns1:email><ns1:name>John</ns1:name><ns1:phone></ns1:phone><ns1:postalCode>22-321</ns1:postalCode><ns1:stateCode>johndoe@company.com</ns1:stateCode></ns1:receiver><ns1:referenceNumber>1 : Lorem ipsum dolor sit amet</ns1:referenceNumber><ns1:sender><ns1:addressLine1>ul. Szeroka</ns1:addressLine1><ns1:addressLine2>756</ns1:addressLine2><ns1:city>Kalisz</ns1:city><ns1:contactName>Veronica Costeloo</ns1:contactName><ns1:countryId>0</ns1:countryId><ns1:email>vercost@gmail.com</ns1:email><ns1:name>Firm S.A.</ns1:name><ns1:phone>633213136</ns1:phone><ns1:postalCode>22-321</ns1:postalCode></ns1:sender><ns1:serviceCode>DPD_CLASSIC</ns1:serviceCode><ns1:shipments><ns1:Shipment><ns1:dimension1>0</ns1:dimension1><ns1:dimension2>0</ns1:dimension2><ns1:dimension3>0</ns1:dimension3><ns1:options/><ns1:position>0</ns1:position><ns1:shipmentTypeCode></ns1:shipmentTypeCode><ns1:weight></ns1:weight></ns1:Shipment></ns1:shipments></ns1:order></ns1:PlaceOrderRequest></ns1:placeOrder></SOAP-ENV:Body></SOAP-ENV:Envelope>

Response: 
<?xml version="1.0" encoding="UTF-8"?>
<SOAP-ENV:Envelope xmlns:SOAP-ENV="http://schemas.xmlsoap.org/soap/envelope/" xmlns:xsi="http://www.w3.org/2001/XMLSchema-instance" xmlns:ns1="http://api.pretius.com"><SOAP-ENV:Body><ns1:placeOrderResponse><ns1:return><ns1:order xsi:nil="true"/><ns1:result><ns1:messages><ns1:Message><ns1:code>VALIDATION</ns1:code><ns1:description>Wybrany typ przesyłki wymaga podania wymiarów</ns1:description><ns1:severity>ERROR</ns1:severity></ns1:Message></ns1:messages></ns1:result></ns1:return></ns1:placeOrderResponse></SOAP-ENV:Body></SOAP-ENV:Envelope>


[2019-01-04T15:43:48+01:00]
SoapCall: [validateAuthData]
Request: 
<?xml version="1.0" encoding="UTF-8"?>
<SOAP-ENV:Envelope xmlns:SOAP-ENV="http://schemas.xmlsoap.org/soap/envelope/" xmlns:ns1="http://api.pretius.com"><SOAP-ENV:Body><ns1:validateAuthData><ns1:Authorization><ns1:apiKey>abcdefg111</ns1:apiKey><ns1:login>ebudownictwo@wp.pl</ns1:login><ns1:password>aaaaaaaaaa</ns1:password></ns1:Authorization></ns1:validateAuthData></SOAP-ENV:Body></SOAP-ENV:Envelope>

Response: 
<?xml version="1.0" encoding="UTF-8"?>
<SOAP-ENV:Envelope xmlns:SOAP-ENV="http://schemas.xmlsoap.org/soap/envelope/" xmlns:ns1="http://api.pretius.com"><SOAP-ENV:Body><ns1:validateAuthDataResponse><ns1:return><ns1:isValid>true</ns1:isValid><ns1:result><ns1:messages/></ns1:result></ns1:return></ns1:validateAuthDataResponse></SOAP-ENV:Body></SOAP-ENV:Envelope>


[2019-01-04T15:43:48+01:00]
SoapCall: [placeOrder]
Request: 
<?xml version="1.0" encoding="UTF-8"?>
<SOAP-ENV:Envelope xmlns:SOAP-ENV="http://schemas.xmlsoap.org/soap/envelope/" xmlns:ns1="http://api.pretius.com"><SOAP-ENV:Body><ns1:placeOrder><ns1:PlaceOrderRequest><ns1:authorization><ns1:apiKey>abcdefg111</ns1:apiKey><ns1:login>ebudownictwo@wp.pl</ns1:login><ns1:password>aaaaaaaaaa</ns1:password></ns1:authorization><ns1:order><ns1:contents>Cotton</ns1:contents><ns1:isDomestic>true</ns1:isDomestic><ns1:notificationDelivered><ns1:isReceiverEmail>false</ns1:isReceiverEmail><ns1:isReceiverSms>false</ns1:isReceiverSms><ns1:isSenderEmail>true</ns1:isSenderEmail><ns1:isSenderSms>false</ns1:isSenderSms></ns1:notificationDelivered><ns1:notificationException><ns1:isReceiverEmail>false</ns1:isReceiverEmail><ns1:isReceiverSms>false</ns1:isReceiverSms><ns1:isSenderEmail>true</ns1:isSenderEmail><ns1:isSenderSms>false</ns1:isSenderSms></ns1:notificationException><ns1:notificationNew><ns1:isReceiverEmail>false</ns1:isReceiverEmail><ns1:isReceiverSms>false</ns1:isReceiverSms><ns1:isSenderEmail>true</ns1:isSenderEmail><ns1:isSenderSms>false</ns1:isSenderSms></ns1:notificationNew><ns1:notificationSent><ns1:isReceiverEmail>false</ns1:isReceiverEmail><ns1:isReceiverSms>false</ns1:isReceiverSms><ns1:isSenderEmail>true</ns1:isSenderEmail><ns1:isSenderSms>false</ns1:isSenderSms></ns1:notificationSent><ns1:options/><ns1:orderPickupType>COURIER</ns1:orderPickupType><ns1:pickupDate>05-01-2019</ns1:pickupDate><ns1:pickupTimeFrom>8</ns1:pickupTimeFrom><ns1:pickupTimeTo>16</ns1:pickupTimeTo><ns1:receiver><ns1:addressLine1>ul. Długa</ns1:addressLine1><ns1:addressLine2>12</ns1:addressLine2><ns1:city>Warszawa</ns1:city><ns1:contactName>Doe</ns1:contactName><ns1:countryId>0</ns1:countryId><ns1:email>632423123</ns1:email><ns1:name>John</ns1:name><ns1:phone></ns1:phone><ns1:postalCode>22-321</ns1:postalCode><ns1:stateCode>johndoe@company.com</ns1:stateCode></ns1:receiver><ns1:referenceNumber>1 : Lorem ipsum dolor sit amet</ns1:referenceNumber><ns1:sender><ns1:addressLine1>ul. Szeroka</ns1:addressLine1><ns1:addressLine2>756</ns1:addressLine2><ns1:city>Kalisz</ns1:city><ns1:contactName>Veronica Costeloo</ns1:contactName><ns1:countryId>0</ns1:countryId><ns1:email>vercost@gmail.com</ns1:email><ns1:name>Firm S.A.</ns1:name><ns1:phone>633213136</ns1:phone><ns1:postalCode>22-321</ns1:postalCode></ns1:sender><ns1:serviceCode>DPD_CLASSIC</ns1:serviceCode><ns1:shipments><ns1:Shipment><ns1:dimension1>0</ns1:dimension1><ns1:dimension2>0</ns1:dimension2><ns1:dimension3>0</ns1:dimension3><ns1:options/><ns1:position>0</ns1:position><ns1:shipmentTypeCode></ns1:shipmentTypeCode><ns1:weight></ns1:weight></ns1:Shipment></ns1:shipments></ns1:order></ns1:PlaceOrderRequest></ns1:placeOrder></SOAP-ENV:Body></SOAP-ENV:Envelope>

Response: 
<?xml version="1.0" encoding="UTF-8"?>
<SOAP-ENV:Envelope xmlns:SOAP-ENV="http://schemas.xmlsoap.org/soap/envelope/" xmlns:xsi="http://www.w3.org/2001/XMLSchema-instance" xmlns:ns1="http://api.pretius.com"><SOAP-ENV:Body><ns1:placeOrderResponse><ns1:return><ns1:order xsi:nil="true"/><ns1:result><ns1:messages><ns1:Message><ns1:code>VALIDATION</ns1:code><ns1:description>Wybrany typ przesyłki wymaga podania wymiarów</ns1:description><ns1:severity>ERROR</ns1:severity></ns1:Message></ns1:messages></ns1:result></ns1:return></ns1:placeOrderResponse></SOAP-ENV:Body></SOAP-ENV:Envelope>


[2019-01-04T15:44:32+01:00]
SoapCall: [validateAuthData]
Request: 
<?xml version="1.0" encoding="UTF-8"?>
<SOAP-ENV:Envelope xmlns:SOAP-ENV="http://schemas.xmlsoap.org/soap/envelope/" xmlns:ns1="http://api.pretius.com"><SOAP-ENV:Body><ns1:validateAuthData><ns1:Authorization><ns1:apiKey>abcdefg111</ns1:apiKey><ns1:login>ebudownictwo@wp.pl</ns1:login><ns1:password>aaaaaaaaaa</ns1:password></ns1:Authorization></ns1:validateAuthData></SOAP-ENV:Body></SOAP-ENV:Envelope>

Response: 
<?xml version="1.0" encoding="UTF-8"?>
<SOAP-ENV:Envelope xmlns:SOAP-ENV="http://schemas.xmlsoap.org/soap/envelope/" xmlns:ns1="http://api.pretius.com"><SOAP-ENV:Body><ns1:validateAuthDataResponse><ns1:return><ns1:isValid>true</ns1:isValid><ns1:result><ns1:messages/></ns1:result></ns1:return></ns1:validateAuthDataResponse></SOAP-ENV:Body></SOAP-ENV:Envelope>


[2019-01-04T15:45:04+01:00]
SoapCall: [validateAuthData]
Request: 
<?xml version="1.0" encoding="UTF-8"?>
<SOAP-ENV:Envelope xmlns:SOAP-ENV="http://schemas.xmlsoap.org/soap/envelope/" xmlns:ns1="http://api.pretius.com"><SOAP-ENV:Body><ns1:validateAuthData><ns1:Authorization><ns1:apiKey>abcdefg111</ns1:apiKey><ns1:login>ebudownictwo@wp.pl</ns1:login><ns1:password>aaaaaaaaaa</ns1:password></ns1:Authorization></ns1:validateAuthData></SOAP-ENV:Body></SOAP-ENV:Envelope>

Response: 
<?xml version="1.0" encoding="UTF-8"?>
<SOAP-ENV:Envelope xmlns:SOAP-ENV="http://schemas.xmlsoap.org/soap/envelope/" xmlns:ns1="http://api.pretius.com"><SOAP-ENV:Body><ns1:validateAuthDataResponse><ns1:return><ns1:isValid>true</ns1:isValid><ns1:result><ns1:messages/></ns1:result></ns1:return></ns1:validateAuthDataResponse></SOAP-ENV:Body></SOAP-ENV:Envelope>


[2019-01-04T15:45:21+01:00]
SoapCall: [validateAuthData]
Request: 
<?xml version="1.0" encoding="UTF-8"?>
<SOAP-ENV:Envelope xmlns:SOAP-ENV="http://schemas.xmlsoap.org/soap/envelope/" xmlns:ns1="http://api.pretius.com"><SOAP-ENV:Body><ns1:validateAuthData><ns1:Authorization><ns1:apiKey>abcdefg111</ns1:apiKey><ns1:login>ebudownictwo@wp.pl</ns1:login><ns1:password>aaaaaaaaaa</ns1:password></ns1:Authorization></ns1:validateAuthData></SOAP-ENV:Body></SOAP-ENV:Envelope>

Response: 
<?xml version="1.0" encoding="UTF-8"?>
<SOAP-ENV:Envelope xmlns:SOAP-ENV="http://schemas.xmlsoap.org/soap/envelope/" xmlns:ns1="http://api.pretius.com"><SOAP-ENV:Body><ns1:validateAuthDataResponse><ns1:return><ns1:isValid>true</ns1:isValid><ns1:result><ns1:messages/></ns1:result></ns1:return></ns1:validateAuthDataResponse></SOAP-ENV:Body></SOAP-ENV:Envelope>


[2019-01-04T15:45:46+01:00]
SoapCall: [validateAuthData]
Request: 
<?xml version="1.0" encoding="UTF-8"?>
<SOAP-ENV:Envelope xmlns:SOAP-ENV="http://schemas.xmlsoap.org/soap/envelope/" xmlns:ns1="http://api.pretius.com"><SOAP-ENV:Body><ns1:validateAuthData><ns1:Authorization><ns1:apiKey>abcdefg111</ns1:apiKey><ns1:login>ebudownictwo@wp.pl</ns1:login><ns1:password>aaaaaaaaaa</ns1:password></ns1:Authorization></ns1:validateAuthData></SOAP-ENV:Body></SOAP-ENV:Envelope>

Response: 
<?xml version="1.0" encoding="UTF-8"?>
<SOAP-ENV:Envelope xmlns:SOAP-ENV="http://schemas.xmlsoap.org/soap/envelope/" xmlns:ns1="http://api.pretius.com"><SOAP-ENV:Body><ns1:validateAuthDataResponse><ns1:return><ns1:isValid>true</ns1:isValid><ns1:result><ns1:messages/></ns1:result></ns1:return></ns1:validateAuthDataResponse></SOAP-ENV:Body></SOAP-ENV:Envelope>


[2019-01-04T15:47:31+01:00]
SoapCall: [validateAuthData]
Request: 
<?xml version="1.0" encoding="UTF-8"?>
<SOAP-ENV:Envelope xmlns:SOAP-ENV="http://schemas.xmlsoap.org/soap/envelope/" xmlns:ns1="http://api.pretius.com"><SOAP-ENV:Body><ns1:validateAuthData><ns1:Authorization><ns1:apiKey>abcdefg111</ns1:apiKey><ns1:login>ebudownictwo@wp.pl</ns1:login><ns1:password>aaaaaaaaaa</ns1:password></ns1:Authorization></ns1:validateAuthData></SOAP-ENV:Body></SOAP-ENV:Envelope>

Response: 
<?xml version="1.0" encoding="UTF-8"?>
<SOAP-ENV:Envelope xmlns:SOAP-ENV="http://schemas.xmlsoap.org/soap/envelope/" xmlns:ns1="http://api.pretius.com"><SOAP-ENV:Body><ns1:validateAuthDataResponse><ns1:return><ns1:isValid>true</ns1:isValid><ns1:result><ns1:messages/></ns1:result></ns1:return></ns1:validateAuthDataResponse></SOAP-ENV:Body></SOAP-ENV:Envelope>


[2019-01-04T15:47:31+01:00]
SoapCall: [placeOrder]
Request: 
<?xml version="1.0" encoding="UTF-8"?>
<SOAP-ENV:Envelope xmlns:SOAP-ENV="http://schemas.xmlsoap.org/soap/envelope/" xmlns:ns1="http://api.pretius.com"><SOAP-ENV:Body><ns1:placeOrder><ns1:PlaceOrderRequest><ns1:authorization><ns1:apiKey>abcdefg111</ns1:apiKey><ns1:login>ebudownictwo@wp.pl</ns1:login><ns1:password>aaaaaaaaaa</ns1:password></ns1:authorization><ns1:order><ns1:contents>Cotton</ns1:contents><ns1:isDomestic>true</ns1:isDomestic><ns1:notificationDelivered><ns1:isReceiverEmail>false</ns1:isReceiverEmail><ns1:isReceiverSms>false</ns1:isReceiverSms><ns1:isSenderEmail>true</ns1:isSenderEmail><ns1:isSenderSms>false</ns1:isSenderSms></ns1:notificationDelivered><ns1:notificationException><ns1:isReceiverEmail>false</ns1:isReceiverEmail><ns1:isReceiverSms>false</ns1:isReceiverSms><ns1:isSenderEmail>true</ns1:isSenderEmail><ns1:isSenderSms>false</ns1:isSenderSms></ns1:notificationException><ns1:notificationNew><ns1:isReceiverEmail>false</ns1:isReceiverEmail><ns1:isReceiverSms>false</ns1:isReceiverSms><ns1:isSenderEmail>true</ns1:isSenderEmail><ns1:isSenderSms>false</ns1:isSenderSms></ns1:notificationNew><ns1:notificationSent><ns1:isReceiverEmail>false</ns1:isReceiverEmail><ns1:isReceiverSms>false</ns1:isReceiverSms><ns1:isSenderEmail>true</ns1:isSenderEmail><ns1:isSenderSms>false</ns1:isSenderSms></ns1:notificationSent><ns1:options/><ns1:orderPickupType>COURIER</ns1:orderPickupType><ns1:pickupDate>05-01-2019</ns1:pickupDate><ns1:pickupTimeFrom>8</ns1:pickupTimeFrom><ns1:pickupTimeTo>16</ns1:pickupTimeTo><ns1:receiver><ns1:addressLine1>ul. Długa</ns1:addressLine1><ns1:addressLine2>12</ns1:addressLine2><ns1:city>Warszawa</ns1:city><ns1:contactName>Doe</ns1:contactName><ns1:countryId>0</ns1:countryId><ns1:email>632423123</ns1:email><ns1:name>John</ns1:name><ns1:phone></ns1:phone><ns1:postalCode>22-321</ns1:postalCode><ns1:stateCode>johndoe@company.com</ns1:stateCode></ns1:receiver><ns1:referenceNumber>1 : Lorem ipsum dolor sit amet</ns1:referenceNumber><ns1:sender><ns1:addressLine1>ul. Szeroka</ns1:addressLine1><ns1:addressLine2>756</ns1:addressLine2><ns1:city>Kalisz</ns1:city><ns1:contactName>Veronica Costeloo</ns1:contactName><ns1:countryId>0</ns1:countryId><ns1:email>vercost@gmail.com</ns1:email><ns1:name>Firm S.A.</ns1:name><ns1:phone>633213136</ns1:phone><ns1:postalCode>22-321</ns1:postalCode></ns1:sender><ns1:serviceCode>DPD_CLASSIC</ns1:serviceCode><ns1:shipments><ns1:Shipment><ns1:dimension1>0</ns1:dimension1><ns1:dimension2>0</ns1:dimension2><ns1:dimension3>0</ns1:dimension3><ns1:options/><ns1:position>0</ns1:position><ns1:shipmentTypeCode></ns1:shipmentTypeCode><ns1:weight></ns1:weight></ns1:Shipment></ns1:shipments></ns1:order></ns1:PlaceOrderRequest></ns1:placeOrder></SOAP-ENV:Body></SOAP-ENV:Envelope>

Response: 
<?xml version="1.0" encoding="UTF-8"?>
<SOAP-ENV:Envelope xmlns:SOAP-ENV="http://schemas.xmlsoap.org/soap/envelope/" xmlns:xsi="http://www.w3.org/2001/XMLSchema-instance" xmlns:ns1="http://api.pretius.com"><SOAP-ENV:Body><ns1:placeOrderResponse><ns1:return><ns1:order xsi:nil="true"/><ns1:result><ns1:messages><ns1:Message><ns1:code>VALIDATION</ns1:code><ns1:description>Wybrany typ przesyłki wymaga podania wymiarów</ns1:description><ns1:severity>ERROR</ns1:severity></ns1:Message></ns1:messages></ns1:result></ns1:return></ns1:placeOrderResponse></SOAP-ENV:Body></SOAP-ENV:Envelope>


[2019-01-04T15:48:26+01:00]
SoapCall: [validateAuthData]
Request: 
<?xml version="1.0" encoding="UTF-8"?>
<SOAP-ENV:Envelope xmlns:SOAP-ENV="http://schemas.xmlsoap.org/soap/envelope/" xmlns:ns1="http://api.pretius.com"><SOAP-ENV:Body><ns1:validateAuthData><ns1:Authorization><ns1:apiKey>abcdefg111</ns1:apiKey><ns1:login>ebudownictwo@wp.pl</ns1:login><ns1:password>aaaaaaaaaa</ns1:password></ns1:Authorization></ns1:validateAuthData></SOAP-ENV:Body></SOAP-ENV:Envelope>

Response: 
<?xml version="1.0" encoding="UTF-8"?>
<SOAP-ENV:Envelope xmlns:SOAP-ENV="http://schemas.xmlsoap.org/soap/envelope/" xmlns:ns1="http://api.pretius.com"><SOAP-ENV:Body><ns1:validateAuthDataResponse><ns1:return><ns1:isValid>true</ns1:isValid><ns1:result><ns1:messages/></ns1:result></ns1:return></ns1:validateAuthDataResponse></SOAP-ENV:Body></SOAP-ENV:Envelope>


[2019-01-04T15:48:26+01:00]
SoapCall: [placeOrder]
Request: 
<?xml version="1.0" encoding="UTF-8"?>
<SOAP-ENV:Envelope xmlns:SOAP-ENV="http://schemas.xmlsoap.org/soap/envelope/" xmlns:ns1="http://api.pretius.com"><SOAP-ENV:Body><ns1:placeOrder><ns1:PlaceOrderRequest><ns1:authorization><ns1:apiKey>abcdefg111</ns1:apiKey><ns1:login>ebudownictwo@wp.pl</ns1:login><ns1:password>aaaaaaaaaa</ns1:password></ns1:authorization><ns1:order><ns1:contents>Cotton</ns1:contents><ns1:isDomestic>true</ns1:isDomestic><ns1:notificationDelivered><ns1:isReceiverEmail>false</ns1:isReceiverEmail><ns1:isReceiverSms>false</ns1:isReceiverSms><ns1:isSenderEmail>true</ns1:isSenderEmail><ns1:isSenderSms>false</ns1:isSenderSms></ns1:notificationDelivered><ns1:notificationException><ns1:isReceiverEmail>false</ns1:isReceiverEmail><ns1:isReceiverSms>false</ns1:isReceiverSms><ns1:isSenderEmail>true</ns1:isSenderEmail><ns1:isSenderSms>false</ns1:isSenderSms></ns1:notificationException><ns1:notificationNew><ns1:isReceiverEmail>false</ns1:isReceiverEmail><ns1:isReceiverSms>false</ns1:isReceiverSms><ns1:isSenderEmail>true</ns1:isSenderEmail><ns1:isSenderSms>false</ns1:isSenderSms></ns1:notificationNew><ns1:notificationSent><ns1:isReceiverEmail>false</ns1:isReceiverEmail><ns1:isReceiverSms>false</ns1:isReceiverSms><ns1:isSenderEmail>true</ns1:isSenderEmail><ns1:isSenderSms>false</ns1:isSenderSms></ns1:notificationSent><ns1:options/><ns1:orderPickupType>COURIER</ns1:orderPickupType><ns1:pickupDate>05-01-2019</ns1:pickupDate><ns1:pickupTimeFrom>8</ns1:pickupTimeFrom><ns1:pickupTimeTo>16</ns1:pickupTimeTo><ns1:receiver><ns1:addressLine1>ul. Długa</ns1:addressLine1><ns1:addressLine2>12</ns1:addressLine2><ns1:city>Warszawa</ns1:city><ns1:contactName>Doe</ns1:contactName><ns1:countryId>0</ns1:countryId><ns1:email>632423123</ns1:email><ns1:name>John</ns1:name><ns1:phone></ns1:phone><ns1:postalCode>22-321</ns1:postalCode><ns1:stateCode>johndoe@company.com</ns1:stateCode></ns1:receiver><ns1:referenceNumber>1 : Lorem ipsum dolor sit amet</ns1:referenceNumber><ns1:sender><ns1:addressLine1>ul. Szeroka</ns1:addressLine1><ns1:addressLine2>756</ns1:addressLine2><ns1:city>Kalisz</ns1:city><ns1:contactName>Veronica Costeloo</ns1:contactName><ns1:countryId>0</ns1:countryId><ns1:email>vercost@gmail.com</ns1:email><ns1:name>Firm S.A.</ns1:name><ns1:phone>633213136</ns1:phone><ns1:postalCode>22-321</ns1:postalCode></ns1:sender><ns1:serviceCode>DPD_CLASSIC</ns1:serviceCode><ns1:shipments><ns1:Shipment><ns1:dimension1>0</ns1:dimension1><ns1:dimension2>0</ns1:dimension2><ns1:dimension3>0</ns1:dimension3><ns1:options/><ns1:position>0</ns1:position><ns1:shipmentTypeCode></ns1:shipmentTypeCode><ns1:weight></ns1:weight></ns1:Shipment></ns1:shipments></ns1:order></ns1:PlaceOrderRequest></ns1:placeOrder></SOAP-ENV:Body></SOAP-ENV:Envelope>

Response: 
<?xml version="1.0" encoding="UTF-8"?>
<SOAP-ENV:Envelope xmlns:SOAP-ENV="http://schemas.xmlsoap.org/soap/envelope/" xmlns:xsi="http://www.w3.org/2001/XMLSchema-instance" xmlns:ns1="http://api.pretius.com"><SOAP-ENV:Body><ns1:placeOrderResponse><ns1:return><ns1:order xsi:nil="true"/><ns1:result><ns1:messages><ns1:Message><ns1:code>VALIDATION</ns1:code><ns1:description>Wybrany typ przesyłki wymaga podania wymiarów</ns1:description><ns1:severity>ERROR</ns1:severity></ns1:Message></ns1:messages></ns1:result></ns1:return></ns1:placeOrderResponse></SOAP-ENV:Body></SOAP-ENV:Envelope>


[2019-01-04T15:48:54+01:00]
SoapCall: [validateAuthData]
Request: 
<?xml version="1.0" encoding="UTF-8"?>
<SOAP-ENV:Envelope xmlns:SOAP-ENV="http://schemas.xmlsoap.org/soap/envelope/" xmlns:ns1="http://api.pretius.com"><SOAP-ENV:Body><ns1:validateAuthData><ns1:Authorization><ns1:apiKey>abcdefg111</ns1:apiKey><ns1:login>ebudownictwo@wp.pl</ns1:login><ns1:password>aaaaaaaaaa</ns1:password></ns1:Authorization></ns1:validateAuthData></SOAP-ENV:Body></SOAP-ENV:Envelope>

Response: 
<?xml version="1.0" encoding="UTF-8"?>
<SOAP-ENV:Envelope xmlns:SOAP-ENV="http://schemas.xmlsoap.org/soap/envelope/" xmlns:ns1="http://api.pretius.com"><SOAP-ENV:Body><ns1:validateAuthDataResponse><ns1:return><ns1:isValid>true</ns1:isValid><ns1:result><ns1:messages/></ns1:result></ns1:return></ns1:validateAuthDataResponse></SOAP-ENV:Body></SOAP-ENV:Envelope>


[2019-01-04T15:48:55+01:00]
SoapCall: [placeOrder]
Request: 
<?xml version="1.0" encoding="UTF-8"?>
<SOAP-ENV:Envelope xmlns:SOAP-ENV="http://schemas.xmlsoap.org/soap/envelope/" xmlns:ns1="http://api.pretius.com"><SOAP-ENV:Body><ns1:placeOrder><ns1:PlaceOrderRequest><ns1:authorization><ns1:apiKey>abcdefg111</ns1:apiKey><ns1:login>ebudownictwo@wp.pl</ns1:login><ns1:password>aaaaaaaaaa</ns1:password></ns1:authorization><ns1:order><ns1:contents>Cotton</ns1:contents><ns1:isDomestic>true</ns1:isDomestic><ns1:notificationDelivered><ns1:isReceiverEmail>false</ns1:isReceiverEmail><ns1:isReceiverSms>false</ns1:isReceiverSms><ns1:isSenderEmail>true</ns1:isSenderEmail><ns1:isSenderSms>false</ns1:isSenderSms></ns1:notificationDelivered><ns1:notificationException><ns1:isReceiverEmail>false</ns1:isReceiverEmail><ns1:isReceiverSms>false</ns1:isReceiverSms><ns1:isSenderEmail>true</ns1:isSenderEmail><ns1:isSenderSms>false</ns1:isSenderSms></ns1:notificationException><ns1:notificationNew><ns1:isReceiverEmail>false</ns1:isReceiverEmail><ns1:isReceiverSms>false</ns1:isReceiverSms><ns1:isSenderEmail>true</ns1:isSenderEmail><ns1:isSenderSms>false</ns1:isSenderSms></ns1:notificationNew><ns1:notificationSent><ns1:isReceiverEmail>false</ns1:isReceiverEmail><ns1:isReceiverSms>false</ns1:isReceiverSms><ns1:isSenderEmail>true</ns1:isSenderEmail><ns1:isSenderSms>false</ns1:isSenderSms></ns1:notificationSent><ns1:options/><ns1:orderPickupType>COURIER</ns1:orderPickupType><ns1:pickupDate>05-01-2019</ns1:pickupDate><ns1:pickupTimeFrom>8</ns1:pickupTimeFrom><ns1:pickupTimeTo>16</ns1:pickupTimeTo><ns1:receiver><ns1:addressLine1>ul. Długa</ns1:addressLine1><ns1:addressLine2>12</ns1:addressLine2><ns1:city>Warszawa</ns1:city><ns1:contactName>Doe</ns1:contactName><ns1:countryId>0</ns1:countryId><ns1:email>632423123</ns1:email><ns1:name>John</ns1:name><ns1:phone></ns1:phone><ns1:postalCode>22-321</ns1:postalCode><ns1:stateCode>johndoe@company.com</ns1:stateCode></ns1:receiver><ns1:referenceNumber>1 : Lorem ipsum dolor sit amet</ns1:referenceNumber><ns1:sender><ns1:addressLine1>ul. Szeroka</ns1:addressLine1><ns1:addressLine2>756</ns1:addressLine2><ns1:city>Kalisz</ns1:city><ns1:contactName>Veronica Costeloo</ns1:contactName><ns1:countryId>0</ns1:countryId><ns1:email>vercost@gmail.com</ns1:email><ns1:name>Firm S.A.</ns1:name><ns1:phone>633213136</ns1:phone><ns1:postalCode>22-321</ns1:postalCode></ns1:sender><ns1:serviceCode>DPD_CLASSIC</ns1:serviceCode><ns1:shipments><ns1:Shipment><ns1:dimension1>0</ns1:dimension1><ns1:dimension2>0</ns1:dimension2><ns1:dimension3>0</ns1:dimension3><ns1:options/><ns1:position>0</ns1:position><ns1:shipmentTypeCode></ns1:shipmentTypeCode><ns1:weight></ns1:weight></ns1:Shipment></ns1:shipments></ns1:order></ns1:PlaceOrderRequest></ns1:placeOrder></SOAP-ENV:Body></SOAP-ENV:Envelope>

Response: 
<?xml version="1.0" encoding="UTF-8"?>
<SOAP-ENV:Envelope xmlns:SOAP-ENV="http://schemas.xmlsoap.org/soap/envelope/" xmlns:xsi="http://www.w3.org/2001/XMLSchema-instance" xmlns:ns1="http://api.pretius.com"><SOAP-ENV:Body><ns1:placeOrderResponse><ns1:return><ns1:order xsi:nil="true"/><ns1:result><ns1:messages><ns1:Message><ns1:code>VALIDATION</ns1:code><ns1:description>Wybrany typ przesyłki wymaga podania wymiarów</ns1:description><ns1:severity>ERROR</ns1:severity></ns1:Message></ns1:messages></ns1:result></ns1:return></ns1:placeOrderResponse></SOAP-ENV:Body></SOAP-ENV:Envelope>


[2019-01-04T15:49:50+01:00]
SoapCall: [validateAuthData]
Request: 
<?xml version="1.0" encoding="UTF-8"?>
<SOAP-ENV:Envelope xmlns:SOAP-ENV="http://schemas.xmlsoap.org/soap/envelope/" xmlns:ns1="http://api.pretius.com"><SOAP-ENV:Body><ns1:validateAuthData><ns1:Authorization><ns1:apiKey>abcdefg111</ns1:apiKey><ns1:login>ebudownictwo@wp.pl</ns1:login><ns1:password>aaaaaaaaaa</ns1:password></ns1:Authorization></ns1:validateAuthData></SOAP-ENV:Body></SOAP-ENV:Envelope>

Response: 
<?xml version="1.0" encoding="UTF-8"?>
<SOAP-ENV:Envelope xmlns:SOAP-ENV="http://schemas.xmlsoap.org/soap/envelope/" xmlns:ns1="http://api.pretius.com"><SOAP-ENV:Body><ns1:validateAuthDataResponse><ns1:return><ns1:isValid>true</ns1:isValid><ns1:result><ns1:messages/></ns1:result></ns1:return></ns1:validateAuthDataResponse></SOAP-ENV:Body></SOAP-ENV:Envelope>


[2019-01-04T15:51:03+01:00]
SoapCall: [validateAuthData]
Request: 
<?xml version="1.0" encoding="UTF-8"?>
<SOAP-ENV:Envelope xmlns:SOAP-ENV="http://schemas.xmlsoap.org/soap/envelope/" xmlns:ns1="http://api.pretius.com"><SOAP-ENV:Body><ns1:validateAuthData><ns1:Authorization><ns1:apiKey>abcdefg111</ns1:apiKey><ns1:login>ebudownictwo@wp.pl</ns1:login><ns1:password>aaaaaaaaaa</ns1:password></ns1:Authorization></ns1:validateAuthData></SOAP-ENV:Body></SOAP-ENV:Envelope>

Response: 
<?xml version="1.0" encoding="UTF-8"?>
<SOAP-ENV:Envelope xmlns:SOAP-ENV="http://schemas.xmlsoap.org/soap/envelope/" xmlns:ns1="http://api.pretius.com"><SOAP-ENV:Body><ns1:validateAuthDataResponse><ns1:return><ns1:isValid>true</ns1:isValid><ns1:result><ns1:messages/></ns1:result></ns1:return></ns1:validateAuthDataResponse></SOAP-ENV:Body></SOAP-ENV:Envelope>


[2019-01-04T15:51:25+01:00]
SoapCall: [validateAuthData]
Request: 
<?xml version="1.0" encoding="UTF-8"?>
<SOAP-ENV:Envelope xmlns:SOAP-ENV="http://schemas.xmlsoap.org/soap/envelope/" xmlns:ns1="http://api.pretius.com"><SOAP-ENV:Body><ns1:validateAuthData><ns1:Authorization><ns1:apiKey>abcdefg111</ns1:apiKey><ns1:login>ebudownictwo@wp.pl</ns1:login><ns1:password>aaaaaaaaaa</ns1:password></ns1:Authorization></ns1:validateAuthData></SOAP-ENV:Body></SOAP-ENV:Envelope>

Response: 
<?xml version="1.0" encoding="UTF-8"?>
<SOAP-ENV:Envelope xmlns:SOAP-ENV="http://schemas.xmlsoap.org/soap/envelope/" xmlns:ns1="http://api.pretius.com"><SOAP-ENV:Body><ns1:validateAuthDataResponse><ns1:return><ns1:isValid>true</ns1:isValid><ns1:result><ns1:messages/></ns1:result></ns1:return></ns1:validateAuthDataResponse></SOAP-ENV:Body></SOAP-ENV:Envelope>


[2019-01-04T15:51:25+01:00]
SoapCall: [placeOrder]
Request: 
<?xml version="1.0" encoding="UTF-8"?>
<SOAP-ENV:Envelope xmlns:SOAP-ENV="http://schemas.xmlsoap.org/soap/envelope/" xmlns:ns1="http://api.pretius.com"><SOAP-ENV:Body><ns1:placeOrder><ns1:PlaceOrderRequest><ns1:authorization><ns1:apiKey>abcdefg111</ns1:apiKey><ns1:login>ebudownictwo@wp.pl</ns1:login><ns1:password>aaaaaaaaaa</ns1:password></ns1:authorization><ns1:order><ns1:contents>Cotton</ns1:contents><ns1:isDomestic>true</ns1:isDomestic><ns1:notificationDelivered><ns1:isReceiverEmail>false</ns1:isReceiverEmail><ns1:isReceiverSms>false</ns1:isReceiverSms><ns1:isSenderEmail>true</ns1:isSenderEmail><ns1:isSenderSms>false</ns1:isSenderSms></ns1:notificationDelivered><ns1:notificationException><ns1:isReceiverEmail>false</ns1:isReceiverEmail><ns1:isReceiverSms>false</ns1:isReceiverSms><ns1:isSenderEmail>true</ns1:isSenderEmail><ns1:isSenderSms>false</ns1:isSenderSms></ns1:notificationException><ns1:notificationNew><ns1:isReceiverEmail>false</ns1:isReceiverEmail><ns1:isReceiverSms>false</ns1:isReceiverSms><ns1:isSenderEmail>true</ns1:isSenderEmail><ns1:isSenderSms>false</ns1:isSenderSms></ns1:notificationNew><ns1:notificationSent><ns1:isReceiverEmail>false</ns1:isReceiverEmail><ns1:isReceiverSms>false</ns1:isReceiverSms><ns1:isSenderEmail>true</ns1:isSenderEmail><ns1:isSenderSms>false</ns1:isSenderSms></ns1:notificationSent><ns1:options/><ns1:orderPickupType>COURIER</ns1:orderPickupType><ns1:pickupDate>05-01-2019</ns1:pickupDate><ns1:pickupTimeFrom>8</ns1:pickupTimeFrom><ns1:pickupTimeTo>16</ns1:pickupTimeTo><ns1:receiver><ns1:addressLine1>ul. Długa</ns1:addressLine1><ns1:addressLine2>12</ns1:addressLine2><ns1:city>Warszawa</ns1:city><ns1:contactName>Doe</ns1:contactName><ns1:countryId>0</ns1:countryId><ns1:email>632423123</ns1:email><ns1:name>John</ns1:name><ns1:phone></ns1:phone><ns1:postalCode>22-321</ns1:postalCode><ns1:stateCode>johndoe@company.com</ns1:stateCode></ns1:receiver><ns1:referenceNumber>1 : Lorem ipsum dolor sit amet</ns1:referenceNumber><ns1:sender><ns1:addressLine1>ul. Szeroka</ns1:addressLine1><ns1:addressLine2>756</ns1:addressLine2><ns1:city>Kalisz</ns1:city><ns1:contactName>Veronica Costeloo</ns1:contactName><ns1:countryId>0</ns1:countryId><ns1:email>vercost@gmail.com</ns1:email><ns1:name>Firm S.A.</ns1:name><ns1:phone>633213136</ns1:phone><ns1:postalCode>22-321</ns1:postalCode></ns1:sender><ns1:serviceCode>DPD_CLASSIC</ns1:serviceCode><ns1:shipments><ns1:Shipment><ns1:dimension1>30</ns1:dimension1><ns1:dimension2>60</ns1:dimension2><ns1:dimension3>50</ns1:dimension3><ns1:options/><ns1:position>0</ns1:position><ns1:shipmentTypeCode>PACZ</ns1:shipmentTypeCode><ns1:weight>21.5</ns1:weight></ns1:Shipment></ns1:shipments></ns1:order></ns1:PlaceOrderRequest></ns1:placeOrder></SOAP-ENV:Body></SOAP-ENV:Envelope>

Response: 
<?xml version="1.0" encoding="UTF-8"?>
<SOAP-ENV:Envelope xmlns:SOAP-ENV="http://schemas.xmlsoap.org/soap/envelope/" xmlns:xsi="http://www.w3.org/2001/XMLSchema-instance" xmlns:ns1="http://api.pretius.com"><SOAP-ENV:Body><ns1:placeOrderResponse><ns1:return><ns1:order xsi:nil="true"/><ns1:result><ns1:messages><ns1:Message><ns1:code>VALIDATION</ns1:code><ns1:description>Pole 'Telefon' w adresie dostawy nie może być puste</ns1:description><ns1:severity>ERROR</ns1:severity></ns1:Message></ns1:messages></ns1:result></ns1:return></ns1:placeOrderResponse></SOAP-ENV:Body></SOAP-ENV:Envelope>


[2019-01-04T15:52:01+01:00]
SoapCall: [validateAuthData]
Request: 
<?xml version="1.0" encoding="UTF-8"?>
<SOAP-ENV:Envelope xmlns:SOAP-ENV="http://schemas.xmlsoap.org/soap/envelope/" xmlns:ns1="http://api.pretius.com"><SOAP-ENV:Body><ns1:validateAuthData><ns1:Authorization><ns1:apiKey>abcdefg111</ns1:apiKey><ns1:login>ebudownictwo@wp.pl</ns1:login><ns1:password>aaaaaaaaaa</ns1:password></ns1:Authorization></ns1:validateAuthData></SOAP-ENV:Body></SOAP-ENV:Envelope>

Response: 
<?xml version="1.0" encoding="UTF-8"?>
<SOAP-ENV:Envelope xmlns:SOAP-ENV="http://schemas.xmlsoap.org/soap/envelope/" xmlns:ns1="http://api.pretius.com"><SOAP-ENV:Body><ns1:validateAuthDataResponse><ns1:return><ns1:isValid>true</ns1:isValid><ns1:result><ns1:messages/></ns1:result></ns1:return></ns1:validateAuthDataResponse></SOAP-ENV:Body></SOAP-ENV:Envelope>


[2019-01-04T15:52:01+01:00]
SoapCall: [placeOrder]
Request: 
<?xml version="1.0" encoding="UTF-8"?>
<SOAP-ENV:Envelope xmlns:SOAP-ENV="http://schemas.xmlsoap.org/soap/envelope/" xmlns:ns1="http://api.pretius.com"><SOAP-ENV:Body><ns1:placeOrder><ns1:PlaceOrderRequest><ns1:authorization><ns1:apiKey>abcdefg111</ns1:apiKey><ns1:login>ebudownictwo@wp.pl</ns1:login><ns1:password>aaaaaaaaaa</ns1:password></ns1:authorization><ns1:order><ns1:contents>Cotton</ns1:contents><ns1:isDomestic>true</ns1:isDomestic><ns1:notificationDelivered><ns1:isReceiverEmail>false</ns1:isReceiverEmail><ns1:isReceiverSms>false</ns1:isReceiverSms><ns1:isSenderEmail>true</ns1:isSenderEmail><ns1:isSenderSms>false</ns1:isSenderSms></ns1:notificationDelivered><ns1:notificationException><ns1:isReceiverEmail>false</ns1:isReceiverEmail><ns1:isReceiverSms>false</ns1:isReceiverSms><ns1:isSenderEmail>true</ns1:isSenderEmail><ns1:isSenderSms>false</ns1:isSenderSms></ns1:notificationException><ns1:notificationNew><ns1:isReceiverEmail>false</ns1:isReceiverEmail><ns1:isReceiverSms>false</ns1:isReceiverSms><ns1:isSenderEmail>true</ns1:isSenderEmail><ns1:isSenderSms>false</ns1:isSenderSms></ns1:notificationNew><ns1:notificationSent><ns1:isReceiverEmail>false</ns1:isReceiverEmail><ns1:isReceiverSms>false</ns1:isReceiverSms><ns1:isSenderEmail>true</ns1:isSenderEmail><ns1:isSenderSms>false</ns1:isSenderSms></ns1:notificationSent><ns1:options/><ns1:orderPickupType>COURIER</ns1:orderPickupType><ns1:pickupDate>05-01-2019</ns1:pickupDate><ns1:pickupTimeFrom>8</ns1:pickupTimeFrom><ns1:pickupTimeTo>16</ns1:pickupTimeTo><ns1:receiver><ns1:addressLine1>ul. Długa</ns1:addressLine1><ns1:addressLine2>12</ns1:addressLine2><ns1:city>Warszawa</ns1:city><ns1:contactName>Doe</ns1:contactName><ns1:countryId>0</ns1:countryId><ns1:email>632423123</ns1:email><ns1:name>John</ns1:name><ns1:phone></ns1:phone><ns1:postalCode>22-321</ns1:postalCode><ns1:stateCode>johndoe@company.com</ns1:stateCode></ns1:receiver><ns1:referenceNumber>1 : Lorem ipsum dolor sit amet</ns1:referenceNumber><ns1:sender><ns1:addressLine1>ul. Szeroka</ns1:addressLine1><ns1:addressLine2>756</ns1:addressLine2><ns1:city>Kalisz</ns1:city><ns1:contactName>Veronica Costeloo</ns1:contactName><ns1:countryId>0</ns1:countryId><ns1:email>vercost@gmail.com</ns1:email><ns1:name>Firm S.A.</ns1:name><ns1:phone>633213136</ns1:phone><ns1:postalCode>22-321</ns1:postalCode></ns1:sender><ns1:serviceCode>DPD_CLASSIC</ns1:serviceCode><ns1:shipments><ns1:Shipment><ns1:dimension1>30</ns1:dimension1><ns1:dimension2>60</ns1:dimension2><ns1:dimension3>50</ns1:dimension3><ns1:options/><ns1:position>0</ns1:position><ns1:shipmentTypeCode>PACZ</ns1:shipmentTypeCode><ns1:weight>21.5</ns1:weight></ns1:Shipment></ns1:shipments></ns1:order></ns1:PlaceOrderRequest></ns1:placeOrder></SOAP-ENV:Body></SOAP-ENV:Envelope>

Response: 
<?xml version="1.0" encoding="UTF-8"?>
<SOAP-ENV:Envelope xmlns:SOAP-ENV="http://schemas.xmlsoap.org/soap/envelope/" xmlns:xsi="http://www.w3.org/2001/XMLSchema-instance" xmlns:ns1="http://api.pretius.com"><SOAP-ENV:Body><ns1:placeOrderResponse><ns1:return><ns1:order xsi:nil="true"/><ns1:result><ns1:messages><ns1:Message><ns1:code>VALIDATION</ns1:code><ns1:description>Pole 'Telefon' w adresie dostawy nie może być puste</ns1:description><ns1:severity>ERROR</ns1:severity></ns1:Message></ns1:messages></ns1:result></ns1:return></ns1:placeOrderResponse></SOAP-ENV:Body></SOAP-ENV:Envelope>


[2019-01-04T15:53:34+01:00]
SoapCall: [validateAuthData]
Request: 
<?xml version="1.0" encoding="UTF-8"?>
<SOAP-ENV:Envelope xmlns:SOAP-ENV="http://schemas.xmlsoap.org/soap/envelope/" xmlns:ns1="http://api.pretius.com"><SOAP-ENV:Body><ns1:validateAuthData><ns1:Authorization><ns1:apiKey>abcdefg111</ns1:apiKey><ns1:login>ebudownictwo@wp.pl</ns1:login><ns1:password>aaaaaaaaaa</ns1:password></ns1:Authorization></ns1:validateAuthData></SOAP-ENV:Body></SOAP-ENV:Envelope>

Response: 
<?xml version="1.0" encoding="UTF-8"?>
<SOAP-ENV:Envelope xmlns:SOAP-ENV="http://schemas.xmlsoap.org/soap/envelope/" xmlns:ns1="http://api.pretius.com"><SOAP-ENV:Body><ns1:validateAuthDataResponse><ns1:return><ns1:isValid>true</ns1:isValid><ns1:result><ns1:messages/></ns1:result></ns1:return></ns1:validateAuthDataResponse></SOAP-ENV:Body></SOAP-ENV:Envelope>


[2019-01-04T15:54:25+01:00]
SoapCall: [validateAuthData]
Request: 
<?xml version="1.0" encoding="UTF-8"?>
<SOAP-ENV:Envelope xmlns:SOAP-ENV="http://schemas.xmlsoap.org/soap/envelope/" xmlns:ns1="http://api.pretius.com"><SOAP-ENV:Body><ns1:validateAuthData><ns1:Authorization><ns1:apiKey>abcdefg111</ns1:apiKey><ns1:login>ebudownictwo@wp.pl</ns1:login><ns1:password>aaaaaaaaaa</ns1:password></ns1:Authorization></ns1:validateAuthData></SOAP-ENV:Body></SOAP-ENV:Envelope>

Response: 
<?xml version="1.0" encoding="UTF-8"?>
<SOAP-ENV:Envelope xmlns:SOAP-ENV="http://schemas.xmlsoap.org/soap/envelope/" xmlns:ns1="http://api.pretius.com"><SOAP-ENV:Body><ns1:validateAuthDataResponse><ns1:return><ns1:isValid>true</ns1:isValid><ns1:result><ns1:messages/></ns1:result></ns1:return></ns1:validateAuthDataResponse></SOAP-ENV:Body></SOAP-ENV:Envelope>


[2019-01-04T15:55:06+01:00]
SoapCall: [validateAuthData]
Request: 
<?xml version="1.0" encoding="UTF-8"?>
<SOAP-ENV:Envelope xmlns:SOAP-ENV="http://schemas.xmlsoap.org/soap/envelope/" xmlns:ns1="http://api.pretius.com"><SOAP-ENV:Body><ns1:validateAuthData><ns1:Authorization><ns1:apiKey>abcdefg111</ns1:apiKey><ns1:login>ebudownictwo@wp.pl</ns1:login><ns1:password>aaaaaaaaaa</ns1:password></ns1:Authorization></ns1:validateAuthData></SOAP-ENV:Body></SOAP-ENV:Envelope>

Response: 
<?xml version="1.0" encoding="UTF-8"?>
<SOAP-ENV:Envelope xmlns:SOAP-ENV="http://schemas.xmlsoap.org/soap/envelope/" xmlns:ns1="http://api.pretius.com"><SOAP-ENV:Body><ns1:validateAuthDataResponse><ns1:return><ns1:isValid>true</ns1:isValid><ns1:result><ns1:messages/></ns1:result></ns1:return></ns1:validateAuthDataResponse></SOAP-ENV:Body></SOAP-ENV:Envelope>


[2019-01-04T15:56:28+01:00]
SoapCall: [validateAuthData]
Request: 
<?xml version="1.0" encoding="UTF-8"?>
<SOAP-ENV:Envelope xmlns:SOAP-ENV="http://schemas.xmlsoap.org/soap/envelope/" xmlns:ns1="http://api.pretius.com"><SOAP-ENV:Body><ns1:validateAuthData><ns1:Authorization><ns1:apiKey>abcdefg111</ns1:apiKey><ns1:login>ebudownictwo@wp.pl</ns1:login><ns1:password>aaaaaaaaaa</ns1:password></ns1:Authorization></ns1:validateAuthData></SOAP-ENV:Body></SOAP-ENV:Envelope>

Response: 
<?xml version="1.0" encoding="UTF-8"?>
<SOAP-ENV:Envelope xmlns:SOAP-ENV="http://schemas.xmlsoap.org/soap/envelope/" xmlns:ns1="http://api.pretius.com"><SOAP-ENV:Body><ns1:validateAuthDataResponse><ns1:return><ns1:isValid>true</ns1:isValid><ns1:result><ns1:messages/></ns1:result></ns1:return></ns1:validateAuthDataResponse></SOAP-ENV:Body></SOAP-ENV:Envelope>


[2019-01-04T15:57:12+01:00]
SoapCall: [validateAuthData]
Request: 
<?xml version="1.0" encoding="UTF-8"?>
<SOAP-ENV:Envelope xmlns:SOAP-ENV="http://schemas.xmlsoap.org/soap/envelope/" xmlns:ns1="http://api.pretius.com"><SOAP-ENV:Body><ns1:validateAuthData><ns1:Authorization><ns1:apiKey>abcdefg111</ns1:apiKey><ns1:login>ebudownictwo@wp.pl</ns1:login><ns1:password>aaaaaaaaaa</ns1:password></ns1:Authorization></ns1:validateAuthData></SOAP-ENV:Body></SOAP-ENV:Envelope>

Response: 
<?xml version="1.0" encoding="UTF-8"?>
<SOAP-ENV:Envelope xmlns:SOAP-ENV="http://schemas.xmlsoap.org/soap/envelope/" xmlns:ns1="http://api.pretius.com"><SOAP-ENV:Body><ns1:validateAuthDataResponse><ns1:return><ns1:isValid>true</ns1:isValid><ns1:result><ns1:messages/></ns1:result></ns1:return></ns1:validateAuthDataResponse></SOAP-ENV:Body></SOAP-ENV:Envelope>


[2019-01-04T15:58:13+01:00]
SoapCall: [validateAuthData]
Request: 
<?xml version="1.0" encoding="UTF-8"?>
<SOAP-ENV:Envelope xmlns:SOAP-ENV="http://schemas.xmlsoap.org/soap/envelope/" xmlns:ns1="http://api.pretius.com"><SOAP-ENV:Body><ns1:validateAuthData><ns1:Authorization><ns1:apiKey>abcdefg111</ns1:apiKey><ns1:login>ebudownictwo@wp.pl</ns1:login><ns1:password>aaaaaaaaaa</ns1:password></ns1:Authorization></ns1:validateAuthData></SOAP-ENV:Body></SOAP-ENV:Envelope>

Response: 
<?xml version="1.0" encoding="UTF-8"?>
<SOAP-ENV:Envelope xmlns:SOAP-ENV="http://schemas.xmlsoap.org/soap/envelope/" xmlns:ns1="http://api.pretius.com"><SOAP-ENV:Body><ns1:validateAuthDataResponse><ns1:return><ns1:isValid>true</ns1:isValid><ns1:result><ns1:messages/></ns1:result></ns1:return></ns1:validateAuthDataResponse></SOAP-ENV:Body></SOAP-ENV:Envelope>


[2019-01-04T16:01:22+01:00]
SoapCall: [validateAuthData]
Request: 
<?xml version="1.0" encoding="UTF-8"?>
<SOAP-ENV:Envelope xmlns:SOAP-ENV="http://schemas.xmlsoap.org/soap/envelope/" xmlns:ns1="http://api.pretius.com"><SOAP-ENV:Body><ns1:validateAuthData><ns1:Authorization><ns1:apiKey>abcdefg111</ns1:apiKey><ns1:login>ebudownictwo@wp.pl</ns1:login><ns1:password>aaaaaaaaaa</ns1:password></ns1:Authorization></ns1:validateAuthData></SOAP-ENV:Body></SOAP-ENV:Envelope>

Response: 
<?xml version="1.0" encoding="UTF-8"?>
<SOAP-ENV:Envelope xmlns:SOAP-ENV="http://schemas.xmlsoap.org/soap/envelope/" xmlns:ns1="http://api.pretius.com"><SOAP-ENV:Body><ns1:validateAuthDataResponse><ns1:return><ns1:isValid>true</ns1:isValid><ns1:result><ns1:messages/></ns1:result></ns1:return></ns1:validateAuthDataResponse></SOAP-ENV:Body></SOAP-ENV:Envelope>


[2019-01-04T16:01:22+01:00]
SoapCall: [placeOrder]
Request: 
<?xml version="1.0" encoding="UTF-8"?>
<SOAP-ENV:Envelope xmlns:SOAP-ENV="http://schemas.xmlsoap.org/soap/envelope/" xmlns:ns1="http://api.pretius.com"><SOAP-ENV:Body><ns1:placeOrder><ns1:PlaceOrderRequest><ns1:authorization><ns1:apiKey>abcdefg111</ns1:apiKey><ns1:login>ebudownictwo@wp.pl</ns1:login><ns1:password>aaaaaaaaaa</ns1:password></ns1:authorization><ns1:order><ns1:contents>Cotton</ns1:contents><ns1:isDomestic>true</ns1:isDomestic><ns1:notificationDelivered><ns1:isReceiverEmail>false</ns1:isReceiverEmail><ns1:isReceiverSms>false</ns1:isReceiverSms><ns1:isSenderEmail>true</ns1:isSenderEmail><ns1:isSenderSms>false</ns1:isSenderSms></ns1:notificationDelivered><ns1:notificationException><ns1:isReceiverEmail>false</ns1:isReceiverEmail><ns1:isReceiverSms>false</ns1:isReceiverSms><ns1:isSenderEmail>true</ns1:isSenderEmail><ns1:isSenderSms>false</ns1:isSenderSms></ns1:notificationException><ns1:notificationNew><ns1:isReceiverEmail>false</ns1:isReceiverEmail><ns1:isReceiverSms>false</ns1:isReceiverSms><ns1:isSenderEmail>true</ns1:isSenderEmail><ns1:isSenderSms>false</ns1:isSenderSms></ns1:notificationNew><ns1:notificationSent><ns1:isReceiverEmail>false</ns1:isReceiverEmail><ns1:isReceiverSms>false</ns1:isReceiverSms><ns1:isSenderEmail>true</ns1:isSenderEmail><ns1:isSenderSms>false</ns1:isSenderSms></ns1:notificationSent><ns1:options/><ns1:orderPickupType>COURIER</ns1:orderPickupType><ns1:pickupDate>05-01-2019</ns1:pickupDate><ns1:pickupTimeFrom>8</ns1:pickupTimeFrom><ns1:pickupTimeTo>16</ns1:pickupTimeTo><ns1:receiver><ns1:addressLine1>ul. Długa</ns1:addressLine1><ns1:addressLine2>12</ns1:addressLine2><ns1:city>Warszawa</ns1:city><ns1:contactName>Doe</ns1:contactName><ns1:countryId>0</ns1:countryId><ns1:email>johndoe@company.com</ns1:email><ns1:name>John</ns1:name><ns1:phone>632423123</ns1:phone><ns1:postalCode>22-321</ns1:postalCode></ns1:receiver><ns1:referenceNumber>1 : Lorem ipsum dolor sit amet</ns1:referenceNumber><ns1:sender><ns1:addressLine1>ul. Szeroka</ns1:addressLine1><ns1:addressLine2>756</ns1:addressLine2><ns1:city>Kalisz</ns1:city><ns1:contactName>Veronica Costeloo</ns1:contactName><ns1:countryId>0</ns1:countryId><ns1:email>vercost@gmail.com</ns1:email><ns1:name>Firm S.A.</ns1:name><ns1:phone>633213136</ns1:phone><ns1:postalCode>22-321</ns1:postalCode></ns1:sender><ns1:serviceCode>DPD_CLASSIC</ns1:serviceCode><ns1:shipments><ns1:Shipment><ns1:dimension1>30</ns1:dimension1><ns1:dimension2>60</ns1:dimension2><ns1:dimension3>50</ns1:dimension3><ns1:options/><ns1:position>0</ns1:position><ns1:shipmentTypeCode>PACZ</ns1:shipmentTypeCode><ns1:weight>21.5</ns1:weight></ns1:Shipment></ns1:shipments></ns1:order></ns1:PlaceOrderRequest></ns1:placeOrder></SOAP-ENV:Body></SOAP-ENV:Envelope>

Response: 
<?xml version="1.0" encoding="UTF-8"?>
<SOAP-ENV:Envelope xmlns:SOAP-ENV="http://schemas.xmlsoap.org/soap/envelope/" xmlns:xsi="http://www.w3.org/2001/XMLSchema-instance" xmlns:ns1="http://api.pretius.com"><SOAP-ENV:Body><ns1:placeOrderResponse><ns1:return><ns1:order xsi:nil="true"/><ns1:result><ns1:messages><ns1:Message><ns1:code>VALIDATION</ns1:code><ns1:description>Wymagany jest co najmniej 3 godzinny przedział czasowy dla odbioru przesyłki.</ns1:description><ns1:severity>ERROR</ns1:severity></ns1:Message></ns1:messages></ns1:result></ns1:return></ns1:placeOrderResponse></SOAP-ENV:Body></SOAP-ENV:Envelope>


[2019-01-04T16:02:11+01:00]
SoapCall: [validateAuthData]
Request: 
<?xml version="1.0" encoding="UTF-8"?>
<SOAP-ENV:Envelope xmlns:SOAP-ENV="http://schemas.xmlsoap.org/soap/envelope/" xmlns:ns1="http://api.pretius.com"><SOAP-ENV:Body><ns1:validateAuthData><ns1:Authorization><ns1:apiKey>abcdefg111</ns1:apiKey><ns1:login>ebudownictwo@wp.pl</ns1:login><ns1:password>aaaaaaaaaa</ns1:password></ns1:Authorization></ns1:validateAuthData></SOAP-ENV:Body></SOAP-ENV:Envelope>

Response: 
<?xml version="1.0" encoding="UTF-8"?>
<SOAP-ENV:Envelope xmlns:SOAP-ENV="http://schemas.xmlsoap.org/soap/envelope/" xmlns:ns1="http://api.pretius.com"><SOAP-ENV:Body><ns1:validateAuthDataResponse><ns1:return><ns1:isValid>true</ns1:isValid><ns1:result><ns1:messages/></ns1:result></ns1:return></ns1:validateAuthDataResponse></SOAP-ENV:Body></SOAP-ENV:Envelope>


[2019-01-04T16:02:12+01:00]
SoapCall: [placeOrder]
Request: 
<?xml version="1.0" encoding="UTF-8"?>
<SOAP-ENV:Envelope xmlns:SOAP-ENV="http://schemas.xmlsoap.org/soap/envelope/" xmlns:ns1="http://api.pretius.com"><SOAP-ENV:Body><ns1:placeOrder><ns1:PlaceOrderRequest><ns1:authorization><ns1:apiKey>abcdefg111</ns1:apiKey><ns1:login>ebudownictwo@wp.pl</ns1:login><ns1:password>aaaaaaaaaa</ns1:password></ns1:authorization><ns1:order><ns1:contents>Cotton</ns1:contents><ns1:isDomestic>true</ns1:isDomestic><ns1:notificationDelivered><ns1:isReceiverEmail>false</ns1:isReceiverEmail><ns1:isReceiverSms>false</ns1:isReceiverSms><ns1:isSenderEmail>true</ns1:isSenderEmail><ns1:isSenderSms>false</ns1:isSenderSms></ns1:notificationDelivered><ns1:notificationException><ns1:isReceiverEmail>false</ns1:isReceiverEmail><ns1:isReceiverSms>false</ns1:isReceiverSms><ns1:isSenderEmail>true</ns1:isSenderEmail><ns1:isSenderSms>false</ns1:isSenderSms></ns1:notificationException><ns1:notificationNew><ns1:isReceiverEmail>false</ns1:isReceiverEmail><ns1:isReceiverSms>false</ns1:isReceiverSms><ns1:isSenderEmail>true</ns1:isSenderEmail><ns1:isSenderSms>false</ns1:isSenderSms></ns1:notificationNew><ns1:notificationSent><ns1:isReceiverEmail>false</ns1:isReceiverEmail><ns1:isReceiverSms>false</ns1:isReceiverSms><ns1:isSenderEmail>true</ns1:isSenderEmail><ns1:isSenderSms>false</ns1:isSenderSms></ns1:notificationSent><ns1:options/><ns1:orderPickupType>COURIER</ns1:orderPickupType><ns1:pickupDate>05-01-2019</ns1:pickupDate><ns1:pickupTimeFrom>6:00</ns1:pickupTimeFrom><ns1:pickupTimeTo>16:00</ns1:pickupTimeTo><ns1:receiver><ns1:addressLine1>ul. Długa</ns1:addressLine1><ns1:addressLine2>12</ns1:addressLine2><ns1:city>Warszawa</ns1:city><ns1:contactName>Doe</ns1:contactName><ns1:countryId>0</ns1:countryId><ns1:email>johndoe@company.com</ns1:email><ns1:name>John</ns1:name><ns1:phone>632423123</ns1:phone><ns1:postalCode>22-321</ns1:postalCode></ns1:receiver><ns1:referenceNumber>1 : Lorem ipsum dolor sit amet</ns1:referenceNumber><ns1:sender><ns1:addressLine1>ul. Szeroka</ns1:addressLine1><ns1:addressLine2>756</ns1:addressLine2><ns1:city>Kalisz</ns1:city><ns1:contactName>Veronica Costeloo</ns1:contactName><ns1:countryId>0</ns1:countryId><ns1:email>vercost@gmail.com</ns1:email><ns1:name>Firm S.A.</ns1:name><ns1:phone>633213136</ns1:phone><ns1:postalCode>22-321</ns1:postalCode></ns1:sender><ns1:serviceCode>DPD_CLASSIC</ns1:serviceCode><ns1:shipments><ns1:Shipment><ns1:dimension1>30</ns1:dimension1><ns1:dimension2>60</ns1:dimension2><ns1:dimension3>50</ns1:dimension3><ns1:options/><ns1:position>0</ns1:position><ns1:shipmentTypeCode>PACZ</ns1:shipmentTypeCode><ns1:weight>21.5</ns1:weight></ns1:Shipment></ns1:shipments></ns1:order></ns1:PlaceOrderRequest></ns1:placeOrder></SOAP-ENV:Body></SOAP-ENV:Envelope>

Response: 
<?xml version="1.0" encoding="UTF-8"?>
<SOAP-ENV:Envelope xmlns:SOAP-ENV="http://schemas.xmlsoap.org/soap/envelope/" xmlns:xsi="http://www.w3.org/2001/XMLSchema-instance" xmlns:ns1="http://api.pretius.com"><SOAP-ENV:Body><ns1:placeOrderResponse><ns1:return><ns1:order xsi:nil="true"/><ns1:result><ns1:messages><ns1:Message><ns1:code>NO_CODE</ns1:code><ns1:description>Brak środków na koncie lub konto zablokowane, cena przesyłki (2262 groszy)</ns1:description><ns1:severity>ERROR</ns1:severity></ns1:Message></ns1:messages></ns1:result></ns1:return></ns1:placeOrderResponse></SOAP-ENV:Body></SOAP-ENV:Envelope>


